2025-05-18 20:04:32,404 - INFO - berhasil Scraping main page: https://fashion-studio.dicoding.dev/
2025-05-18 20:04:32,729 - INFO - Berhasil melakukan extract tanggal 2025-05-18 20:04:32
2025-05-18 20:04:32,729 - INFO - Berhasil Scraping page 2: https://fashion-studio.dicoding.dev/page2
2025-05-18 20:04:32,834 - INFO - Berhasil melakukan extract tanggal 2025-05-18 20:04:32
2025-05-18 20:04:32,835 - INFO - Berhasil Scraping page 3: https://fashion-studio.dicoding.dev/page3
2025-05-18 20:04:32,949 - INFO - Berhasil melakukan extract tanggal 2025-05-18 20:04:32
2025-05-18 20:04:32,949 - INFO - Berhasil Scraping page 4: https://fashion-studio.dicoding.dev/page4
2025-05-18 20:04:33,041 - INFO - Berhasil melakukan extract tanggal 2025-05-18 20:04:32
2025-05-18 20:04:33,041 - INFO - Berhasil Scraping page 5: https://fashion-studio.dicoding.dev/page5
2025-05-18 20:04:33,130 - INFO - Berhasil melakukan extract tanggal 2025-05-18 20:04:33
2025-05-18 20:04:33,130 - INFO - Berhasil Scraping page 6: https://fashion-studio.dicoding.dev/page6
2025-05-18 20:04:33,227 - INFO - Berhasil melakukan extract tanggal 2025-05-18 20:04:33
2025-05-18 20:04:33,229 - INFO - Berhasil Scraping page 7: https://fashion-studio.dicoding.dev/page7
2025-05-18 20:04:33,317 - INFO - Berhasil melakukan extract tanggal 2025-05-18 20:04:33
2025-05-18 20:04:33,317 - INFO - Berhasil Scraping page 8: https://fashion-studio.dicoding.dev/page8
2025-05-18 20:04:33,424 - INFO - Berhasil melakukan extract tanggal 2025-05-18 20:04:33
2025-05-18 20:04:33,424 - INFO - Berhasil Scraping page 9: https://fashion-studio.dicoding.dev/page9
2025-05-18 20:04:33,518 - INFO - Berhasil melakukan extract tanggal 2025-05-18 20:04:33
2025-05-18 20:04:33,518 - INFO - Berhasil Scraping page 10: https://fashion-studio.dicoding.dev/page10
2025-05-18 20:04:33,598 - INFO - Berhasil melakukan extract tanggal 2025-05-18 20:04:33
2025-05-18 20:04:33,599 - INFO - Berhasil Scraping page 11: https://fashion-studio.dicoding.dev/page11
2025-05-18 20:04:33,699 - INFO - Berhasil melakukan extract tanggal 2025-05-18 20:04:33
2025-05-18 20:04:33,699 - INFO - Berhasil Scraping page 12: https://fashion-studio.dicoding.dev/page12
2025-05-18 20:04:33,769 - INFO - Berhasil melakukan extract tanggal 2025-05-18 20:04:33
2025-05-18 20:04:33,769 - INFO - Berhasil Scraping page 13: https://fashion-studio.dicoding.dev/page13
2025-05-18 20:04:33,844 - INFO - Berhasil melakukan extract tanggal 2025-05-18 20:04:33
2025-05-18 20:04:33,845 - INFO - Berhasil Scraping page 14: https://fashion-studio.dicoding.dev/page14
2025-05-18 20:04:33,919 - INFO - Berhasil melakukan extract tanggal 2025-05-18 20:04:33
2025-05-18 20:04:33,919 - INFO - Berhasil Scraping page 15: https://fashion-studio.dicoding.dev/page15
2025-05-18 20:04:33,999 - INFO - Berhasil melakukan extract tanggal 2025-05-18 20:04:33
2025-05-18 20:04:33,999 - INFO - Berhasil Scraping page 16: https://fashion-studio.dicoding.dev/page16
2025-05-18 20:04:34,079 - INFO - Berhasil melakukan extract tanggal 2025-05-18 20:04:33
2025-05-18 20:04:34,079 - INFO - Berhasil Scraping page 17: https://fashion-studio.dicoding.dev/page17
2025-05-18 20:04:34,164 - INFO - Berhasil melakukan extract tanggal 2025-05-18 20:04:34
2025-05-18 20:04:34,164 - INFO - Berhasil Scraping page 18: https://fashion-studio.dicoding.dev/page18
2025-05-18 20:04:34,239 - INFO - Berhasil melakukan extract tanggal 2025-05-18 20:04:34
2025-05-18 20:04:34,239 - INFO - Berhasil Scraping page 19: https://fashion-studio.dicoding.dev/page19
2025-05-18 20:04:34,319 - INFO - Berhasil melakukan extract tanggal 2025-05-18 20:04:34
2025-05-18 20:04:34,319 - INFO - Berhasil Scraping page 20: https://fashion-studio.dicoding.dev/page20
2025-05-18 20:04:34,416 - INFO - Berhasil melakukan extract tanggal 2025-05-18 20:04:34
2025-05-18 20:04:34,417 - INFO - Berhasil Scraping page 21: https://fashion-studio.dicoding.dev/page21
2025-05-18 20:04:34,500 - INFO - Berhasil melakukan extract tanggal 2025-05-18 20:04:34
2025-05-18 20:04:34,500 - INFO - Berhasil Scraping page 22: https://fashion-studio.dicoding.dev/page22
2025-05-18 20:04:34,588 - INFO - Berhasil melakukan extract tanggal 2025-05-18 20:04:34
2025-05-18 20:04:34,588 - INFO - Berhasil Scraping page 23: https://fashion-studio.dicoding.dev/page23
2025-05-18 20:04:34,686 - INFO - Berhasil melakukan extract tanggal 2025-05-18 20:04:34
2025-05-18 20:04:34,686 - INFO - Berhasil Scraping page 24: https://fashion-studio.dicoding.dev/page24
2025-05-18 20:04:34,766 - INFO - Berhasil melakukan extract tanggal 2025-05-18 20:04:34
2025-05-18 20:04:34,767 - INFO - Berhasil Scraping page 25: https://fashion-studio.dicoding.dev/page25
2025-05-18 20:04:34,850 - INFO - Berhasil melakukan extract tanggal 2025-05-18 20:04:34
2025-05-18 20:04:34,850 - INFO - Berhasil Scraping page 26: https://fashion-studio.dicoding.dev/page26
2025-05-18 20:04:34,931 - INFO - Berhasil melakukan extract tanggal 2025-05-18 20:04:34
2025-05-18 20:04:34,932 - INFO - Berhasil Scraping page 27: https://fashion-studio.dicoding.dev/page27
2025-05-18 20:04:35,015 - INFO - Berhasil melakukan extract tanggal 2025-05-18 20:04:34
2025-05-18 20:04:35,015 - INFO - Berhasil Scraping page 28: https://fashion-studio.dicoding.dev/page28
2025-05-18 20:04:35,119 - INFO - Berhasil melakukan extract tanggal 2025-05-18 20:04:35
2025-05-18 20:04:35,119 - INFO - Berhasil Scraping page 29: https://fashion-studio.dicoding.dev/page29
2025-05-18 20:04:35,201 - INFO - Berhasil melakukan extract tanggal 2025-05-18 20:04:35
2025-05-18 20:04:35,201 - INFO - Berhasil Scraping page 30: https://fashion-studio.dicoding.dev/page30
2025-05-18 20:04:35,297 - INFO - Berhasil melakukan extract tanggal 2025-05-18 20:04:35
2025-05-18 20:04:35,297 - INFO - Berhasil Scraping page 31: https://fashion-studio.dicoding.dev/page31
2025-05-18 20:04:35,369 - INFO - Berhasil melakukan extract tanggal 2025-05-18 20:04:35
2025-05-18 20:04:35,379 - INFO - Berhasil Scraping page 32: https://fashion-studio.dicoding.dev/page32
2025-05-18 20:04:35,474 - INFO - Berhasil melakukan extract tanggal 2025-05-18 20:04:35
2025-05-18 20:04:35,475 - INFO - Berhasil Scraping page 33: https://fashion-studio.dicoding.dev/page33
2025-05-18 20:04:35,567 - INFO - Berhasil melakukan extract tanggal 2025-05-18 20:04:35
2025-05-18 20:04:35,567 - INFO - Berhasil Scraping page 34: https://fashion-studio.dicoding.dev/page34
2025-05-18 20:04:35,648 - INFO - Berhasil melakukan extract tanggal 2025-05-18 20:04:35
2025-05-18 20:04:35,648 - INFO - Berhasil Scraping page 35: https://fashion-studio.dicoding.dev/page35
2025-05-18 20:04:35,732 - INFO - Berhasil melakukan extract tanggal 2025-05-18 20:04:35
2025-05-18 20:04:35,732 - INFO - Berhasil Scraping page 36: https://fashion-studio.dicoding.dev/page36
2025-05-18 20:04:35,804 - INFO - Berhasil melakukan extract tanggal 2025-05-18 20:04:35
2025-05-18 20:04:35,804 - INFO - Berhasil Scraping page 37: https://fashion-studio.dicoding.dev/page37
2025-05-18 20:04:35,888 - INFO - Berhasil melakukan extract tanggal 2025-05-18 20:04:35
2025-05-18 20:04:35,888 - INFO - Berhasil Scraping page 38: https://fashion-studio.dicoding.dev/page38
2025-05-18 20:04:35,967 - INFO - Berhasil melakukan extract tanggal 2025-05-18 20:04:35
2025-05-18 20:04:35,968 - INFO - Berhasil Scraping page 39: https://fashion-studio.dicoding.dev/page39
2025-05-18 20:04:36,052 - INFO - Berhasil melakukan extract tanggal 2025-05-18 20:04:35
2025-05-18 20:04:36,052 - INFO - Berhasil Scraping page 40: https://fashion-studio.dicoding.dev/page40
2025-05-18 20:04:36,138 - INFO - Berhasil melakukan extract tanggal 2025-05-18 20:04:36
2025-05-18 20:04:36,138 - INFO - Berhasil Scraping page 41: https://fashion-studio.dicoding.dev/page41
2025-05-18 20:04:36,229 - INFO - Berhasil melakukan extract tanggal 2025-05-18 20:04:36
2025-05-18 20:04:36,231 - INFO - Berhasil Scraping page 42: https://fashion-studio.dicoding.dev/page42
2025-05-18 20:04:36,325 - INFO - Berhasil melakukan extract tanggal 2025-05-18 20:04:36
2025-05-18 20:04:36,326 - INFO - Berhasil Scraping page 43: https://fashion-studio.dicoding.dev/page43
2025-05-18 20:04:36,409 - INFO - Berhasil melakukan extract tanggal 2025-05-18 20:04:36
2025-05-18 20:04:36,409 - INFO - Berhasil Scraping page 44: https://fashion-studio.dicoding.dev/page44
2025-05-18 20:04:36,482 - INFO - Berhasil melakukan extract tanggal 2025-05-18 20:04:36
2025-05-18 20:04:36,482 - INFO - Berhasil Scraping page 45: https://fashion-studio.dicoding.dev/page45
2025-05-18 20:04:36,587 - INFO - Berhasil melakukan extract tanggal 2025-05-18 20:04:36
2025-05-18 20:04:36,587 - INFO - Berhasil Scraping page 46: https://fashion-studio.dicoding.dev/page46
2025-05-18 20:04:36,668 - INFO - Berhasil melakukan extract tanggal 2025-05-18 20:04:36
2025-05-18 20:04:36,668 - INFO - Berhasil Scraping page 47: https://fashion-studio.dicoding.dev/page47
2025-05-18 20:04:36,747 - INFO - Berhasil melakukan extract tanggal 2025-05-18 20:04:36
2025-05-18 20:04:36,748 - INFO - Berhasil Scraping page 48: https://fashion-studio.dicoding.dev/page48
2025-05-18 20:04:36,835 - INFO - Berhasil melakukan extract tanggal 2025-05-18 20:04:36
2025-05-18 20:04:36,835 - INFO - Berhasil Scraping page 49: https://fashion-studio.dicoding.dev/page49
2025-05-18 20:04:36,916 - INFO - Berhasil melakukan extract tanggal 2025-05-18 20:04:36
2025-05-18 20:04:36,917 - INFO - Berhasil Scraping page 50: https://fashion-studio.dicoding.dev/page50
2025-05-18 20:04:37,025 - INFO - Berhasil melakukan extract tanggal 2025-05-18 20:04:36
2025-05-18 20:04:37,027 - INFO - Transformasi data dimulai pada 2025-05-18 20:04:37
2025-05-18 20:04:37,049 - INFO - Menghapus 100 baris dengan title tidak valid
2025-05-18 20:04:37,049 - INFO - Kolom 'price' berhasil diproses hingga koversi ke rupiah dan menghapus 33 baris data
2025-05-18 20:04:37,059 - INFO - Kolom 'rating' berhasil diambil hanya angkanya saja sebanyak 867 data
2025-05-18 20:04:37,063 - INFO - Kolom 'colors' berhasil diambil hanya angkanya saja sebanyak 867 data
2025-05-18 20:04:37,063 - INFO - Kolom 'size' dan 'gender' dibersihkan
2025-05-18 20:04:37,069 - INFO - Menghapus 0 duplikat
2025-05-18 20:04:37,069 - INFO - Menghapus 0 null
2025-05-18 20:04:37,069 - INFO - Transformasi selesai, total baris akhir: 867
2025-05-18 20:04:37,069 - INFO - Data ETL berhasil disimpan ke products.csv pada tanggal 2025-05-18 20:04:32
2025-05-18 20:04:37,230 - INFO - Data berhasil disimpan ke PostgreSQL ke tabel products tanggal 2025-05-18 20:04:32
2025-05-18 20:04:39,499 - INFO - Data berhasil disimpan ke Google Sheets di 1yFUgSlNPsuiu8d8fxzPAGcxbNrxAioumBGLOD6gQX0w pada tanggal 2025-05-18 20:04:32
2025-05-18 20:04:39,499 - INFO - Proses ETL PT Dicoding selesai dilakukan tanggal 2025-05-18 20:04:32
